<?xml version="1.0" encoding="UTF-8"?>
<!-- Generated by org.testng.reporters.JUnitXMLReporter -->
<testsuite ignored="0" hostname="LAPTOP-IRMRPJ1B" failures="0" tests="3" name="Default test" time="0.085" errors="0" timestamp="2023-05-25T10:05:36 EDT">
  <testcase classname="testNGSession.testNGAnnotations" name="addToCartTest" time="0.013"/>
  <testcase classname="testNGSession.testNGAnnotations" name="doPaymentTest" time="0.004"/>
  <testcase classname="testNGSession.testNGAnnotations" name="doSearchTest" time="0.002"/>
</testsuite> <!-- Default test -->
