<?xml version="1.0" encoding="UTF-8"?>
<testng-results ignored="0" total="3" passed="3" failed="0" skipped="0">
  <reporter-output>
  </reporter-output>
  <suite started-at="2023-05-25T10:05:36 EDT" name="Default suite" finished-at="2023-05-25T10:05:36 EDT" duration-ms="85">
    <groups>
    </groups>
    <test started-at="2023-05-25T10:05:36 EDT" name="Default test" finished-at="2023-05-25T10:05:36 EDT" duration-ms="85">
      <class name="testNGSession.testNGAnnotations">
        <test-method is-config="true" signature="dbConnection()[pri:0, instance:testNGSession.testNGAnnotations@51f116b8]" started-at="2023-05-25T10:05:36 EDT" name="dbConnection" finished-at="2023-05-25T10:05:36 EDT" duration-ms="23" status="PASS">
          <reporter-output>
          </reporter-output>
        </test-method> <!-- dbConnection -->
        <test-method is-config="true" signature="createUser()[pri:0, instance:testNGSession.testNGAnnotations@51f116b8]" started-at="2023-05-25T10:05:36 EDT" name="createUser" finished-at="2023-05-25T10:05:36 EDT" duration-ms="1" status="PASS">
          <reporter-output>
          </reporter-output>
        </test-method> <!-- createUser -->
        <test-method is-config="true" signature="openBrowser()[pri:0, instance:testNGSession.testNGAnnotations@51f116b8]" started-at="2023-05-25T10:05:36 EDT" name="openBrowser" finished-at="2023-05-25T10:05:36 EDT" duration-ms="1" status="PASS">
          <reporter-output>
          </reporter-output>
        </test-method> <!-- openBrowser -->
        <test-method is-config="true" signature="doLogin()[pri:0, instance:testNGSession.testNGAnnotations@51f116b8]" started-at="2023-05-25T10:05:36 EDT" name="doLogin" finished-at="2023-05-25T10:05:36 EDT" duration-ms="0" status="PASS">
          <reporter-output>
          </reporter-output>
        </test-method> <!-- doLogin -->
        <test-method signature="addToCartTest()[pri:0, instance:testNGSession.testNGAnnotations@51f116b8]" started-at="2023-05-25T10:05:36 EDT" name="addToCartTest" finished-at="2023-05-25T10:05:36 EDT" duration-ms="13" status="PASS">
          <reporter-output>
          </reporter-output>
        </test-method> <!-- addToCartTest -->
        <test-method is-config="true" signature="doLogout()[pri:0, instance:testNGSession.testNGAnnotations@51f116b8]" started-at="2023-05-25T10:05:36 EDT" name="doLogout" finished-at="2023-05-25T10:05:36 EDT" duration-ms="1" status="PASS">
          <reporter-output>
          </reporter-output>
        </test-method> <!-- doLogout -->
        <test-method is-config="true" signature="doLogin()[pri:0, instance:testNGSession.testNGAnnotations@51f116b8]" started-at="2023-05-25T10:05:36 EDT" name="doLogin" finished-at="2023-05-25T10:05:36 EDT" duration-ms="1" status="PASS">
          <reporter-output>
          </reporter-output>
        </test-method> <!-- doLogin -->
        <test-method signature="doPaymentTest()[pri:0, instance:testNGSession.testNGAnnotations@51f116b8]" started-at="2023-05-25T10:05:36 EDT" name="doPaymentTest" finished-at="2023-05-25T10:05:36 EDT" duration-ms="4" status="PASS">
          <reporter-output>
          </reporter-output>
        </test-method> <!-- doPaymentTest -->
        <test-method is-config="true" signature="doLogin()[pri:0, instance:testNGSession.testNGAnnotations@51f116b8]" started-at="2023-05-25T10:05:36 EDT" name="doLogin" finished-at="2023-05-25T10:05:36 EDT" duration-ms="1" status="PASS">
          <reporter-output>
          </reporter-output>
        </test-method> <!-- doLogin -->
        <test-method is-config="true" signature="doLogout()[pri:0, instance:testNGSession.testNGAnnotations@51f116b8]" started-at="2023-05-25T10:05:36 EDT" name="doLogout" finished-at="2023-05-25T10:05:36 EDT" duration-ms="0" status="PASS">
          <reporter-output>
          </reporter-output>
        </test-method> <!-- doLogout -->
        <test-method signature="doSearchTest()[pri:0, instance:testNGSession.testNGAnnotations@51f116b8]" started-at="2023-05-25T10:05:36 EDT" name="doSearchTest" finished-at="2023-05-25T10:05:36 EDT" duration-ms="2" status="PASS">
          <reporter-output>
          </reporter-output>
        </test-method> <!-- doSearchTest -->
        <test-method is-config="true" signature="doLogout()[pri:0, instance:testNGSession.testNGAnnotations@51f116b8]" started-at="2023-05-25T10:05:36 EDT" name="doLogout" finished-at="2023-05-25T10:05:36 EDT" duration-ms="1" status="PASS">
          <reporter-output>
          </reporter-output>
        </test-method> <!-- doLogout -->
        <test-method is-config="true" signature="closeBrowser()[pri:0, instance:testNGSession.testNGAnnotations@51f116b8]" started-at="2023-05-25T10:05:36 EDT" name="closeBrowser" finished-at="2023-05-25T10:05:36 EDT" duration-ms="0" status="PASS">
          <reporter-output>
          </reporter-output>
        </test-method> <!-- closeBrowser -->
        <test-method is-config="true" signature="deleteUser()[pri:0, instance:testNGSession.testNGAnnotations@51f116b8]" started-at="2023-05-25T10:05:36 EDT" name="deleteUser" finished-at="2023-05-25T10:05:36 EDT" duration-ms="0" status="PASS">
          <reporter-output>
          </reporter-output>
        </test-method> <!-- deleteUser -->
        <test-method is-config="true" signature="dbConnectionClose()[pri:0, instance:testNGSession.testNGAnnotations@51f116b8]" started-at="2023-05-25T10:05:36 EDT" name="dbConnectionClose" finished-at="2023-05-25T10:05:36 EDT" duration-ms="1" status="PASS">
          <reporter-output>
          </reporter-output>
        </test-method> <!-- dbConnectionClose -->
      </class> <!-- testNGSession.testNGAnnotations -->
    </test> <!-- Default test -->
  </suite> <!-- Default suite -->
</testng-results>
